<?xml version="1.0" encoding="UTF-8"?>
<!-- Generated by org.testng.reporters.JUnitReportReporter -->
<testsuite skipped="0" hostname="INPF18MVW2" name="com.qa.testcases.LoginPageTest" tests="3" failures="0" timestamp="2020-06-16T09:21:31 IST" time="131.697" errors="0">
  <testcase name="logintitletest" time="38.339" classname="com.qa.testcases.LoginPageTest"/>
  <system-out/>
  <testcase name="CogmenCRMImageTest" time="53.511" classname="com.qa.testcases.LoginPageTest"/>
  <system-out/>
  <testcase name="loginTest" time="39.847" classname="com.qa.testcases.LoginPageTest"/>
  <system-out/>
</testsuite> <!-- com.qa.testcases.LoginPageTest -->
